<?xml version="1.0" encoding="UTF-8"?>
<!-- Generated by org.testng.reporters.JUnitReportReporter -->
<testsuite hostname="DESKTOP-RRVA329" failures="0" tests="1" name="SeleniumPractice.SeleniumPractice.LinksInPageCount" time="0.540" errors="0" timestamp="2024-07-30T09:09:15 EDT" skipped="0">
  <testcase classname="SeleniumPractice.SeleniumPractice.LinksInPageCount" name="countLinks" time="0.540"/>
</testsuite> <!-- SeleniumPractice.SeleniumPractice.LinksInPageCount -->
