<?xml version="1.0" encoding="UTF-8"?>
<!-- Generated by org.testng.reporters.JUnitReportReporter -->
<testsuite hostname="DESKTOP-RRVA329" failures="0" tests="1" name="SeleniumPractice.SeleniumPractice.LaunchURL" time="4.591" errors="0" timestamp="2024-06-03T12:19:27 EDT" skipped="0">
  <testcase classname="SeleniumPractice.SeleniumPractice.LaunchURL" name="launch" time="4.591"/>
</testsuite> <!-- SeleniumPractice.SeleniumPractice.LaunchURL -->
