<?xml version="1.0" encoding="UTF-8"?>
<!-- Generated by org.testng.reporters.JUnitReportReporter -->
<testsuite hostname="DESKTOP-RRVA329" failures="0" tests="1" name="SeleniumPractice.SeleniumPractice.LaunchMultipleBrowsers" time="19.697" errors="0" timestamp="2024-08-02T15:54:09 EDT" skipped="0">
  <testcase classname="SeleniumPractice.SeleniumPractice.LaunchMultipleBrowsers" name="startUp" time="19.697"/>
</testsuite> <!-- SeleniumPractice.SeleniumPractice.LaunchMultipleBrowsers -->
