<?xml version="1.0" encoding="UTF-8"?>
<!-- Generated by org.testng.reporters.JUnitReportReporter -->
<testsuite hostname="DESKTOP-RRVA329" failures="0" tests="2" name="com.OrangeHRM.PageObjects.OrangeHRM" time="4.016" errors="0" timestamp="2024-05-19T21:42:48 EDT" skipped="0">
  <testcase classname="com.OrangeHRM.PageObjects.OrangeHRM" name="logout" time="1.964"/>
  <testcase classname="com.OrangeHRM.PageObjects.OrangeHRM" name="clickLogin" time="2.052"/>
</testsuite> <!-- com.OrangeHRM.PageObjects.OrangeHRM -->
