<?xml version="1.0" encoding="UTF-8"?>
<!-- Generated by org.testng.reporters.JUnitReportReporter -->
<testsuite hostname="DESKTOP-RRVA329" failures="0" tests="1" name="SeleniumPractice.SeleniumPractice.readURLFromConfigFile" time="13.366" errors="0" timestamp="2024-06-26T12:36:48 EDT" skipped="0">
  <testcase classname="SeleniumPractice.SeleniumPractice.readURLFromConfigFile" name="openFilePath" time="13.366"/>
</testsuite> <!-- SeleniumPractice.SeleniumPractice.readURLFromConfigFile -->
