<?xml version="1.0" encoding="UTF-8"?>
<!-- Generated by org.testng.reporters.JUnitReportReporter -->
<testsuite hostname="DESKTOP-RRVA329" failures="0" tests="1" name="SeleniumPractice.SeleniumPractice.readURL" time="7.507" errors="0" timestamp="2024-06-03T12:17:48 EDT" skipped="0">
  <testcase classname="SeleniumPractice.SeleniumPractice.readURL" name="openFilePath" time="7.507"/>
</testsuite> <!-- SeleniumPractice.SeleniumPractice.readURL -->
